<?xml version="1.0" encoding="UTF-8"?>
<testsuite xmlns:xsi="http://www.w3.org/2001/XMLSchema-instance" xsi:noNamespaceSchemaLocation="https://maven.apache.org/surefire/maven-surefire-plugin/xsd/surefire-test-report.xsd" name="com.xpf.vhr.VhrApplicationTests" time="12.142" tests="2" errors="0" skipped="0" failures="0">
  <properties>
[...]
</properties>
  <testcase name="test1" classname="com.xpf.vhr.VhrApplicationTests" time="0.355"/>
  <testcase name="contextLoads" classname="com.xpf.vhr.VhrApplicationTests" time="0.02"/>
</testsuite>